2022-04-01 10:55:00.761233: Checkout request.
2022-04-01 10:55:00.762716: Serializer created.
2022-04-01 10:55:00.763109: Valid serializer.
2022-04-01 10:55:00.763758: Subscription created.
2022-04-01 10:59:14.630022: Checkout request.
2022-04-01 10:59:14.631432: Serializer created.
2022-04-01 10:59:14.631818: Valid serializer.
2022-04-01 10:59:14.632467: Subscription created.
2022-04-02 11:06:40.254274: Checkout request username.
2022-04-02 11:06:40.255008: User username does not have a subscription already.
2022-04-02 11:06:40.255463: Checkout data <QueryDict: {'duration': ['30'], 'currency': ['PLN'], 'city': ['Krakow'], 'postal_code': ['31-572'], 'first_name': ['Dominik'], 'last_name': ['Matracki'], 'address': ['Dabska 18g']}>
2022-04-02 11:06:40.255516: Got checkout data {'duration': '30', 'currency': 'PLN', 'city': 'Krakow', 'postal_code': '31-572', 'first_name': 'Dominik', 'last_name': 'Matracki', 'address': 'Dabska 18g'}
2022-04-02 11:06:40.256021: Checkout serializer created.
2022-04-02 11:06:40.256403: Valid serializer.
2022-04-02 11:06:40.257051: Subscription created.
2022-04-02 11:06:41.422360: Stripe object created for username.
2022-04-02 11:07:27.130035: Checkout request username.
2022-04-02 11:07:27.130764: User username does not have a subscription already.
2022-04-02 11:07:27.131213: Checkout data <QueryDict: {'duration': ['30'], 'currency': ['PLN'], 'city': ['Krakow'], 'postal_code': ['31-572'], 'first_name': ['Dominik'], 'last_name': ['Matracki'], 'address': ['Dabska 18g']}>
2022-04-02 11:07:27.131267: Got checkout data {'duration': '30', 'currency': 'PLN', 'city': 'Krakow', 'postal_code': '31-572', 'first_name': 'Dominik', 'last_name': 'Matracki', 'address': 'Dabska 18g'}
2022-04-02 11:07:27.131760: Checkout serializer created.
2022-04-02 11:07:27.132126: Valid serializer.
2022-04-02 11:07:27.132775: Subscription created.
2022-04-02 11:07:27.971397: Stripe object created for username.
2022-04-02 11:11:36.712467: Checkout request username.
2022-04-02 11:11:36.713044: User username does not have a subscription already.
2022-04-02 11:11:36.713503: Checkout data <QueryDict: {'duration': ['30'], 'currency': ['PLN'], 'city': ['Krakow'], 'postal_code': ['31-572'], 'first_name': ['Dominik'], 'last_name': ['Matracki'], 'address': ['Dabska 18g']}>
2022-04-02 11:11:36.713555: Got checkout data {'duration': '30', 'currency': 'PLN', 'city': 'Krakow', 'postal_code': '31-572', 'first_name': 'Dominik', 'last_name': 'Matracki', 'address': 'Dabska 18g'}
2022-04-02 11:11:36.714065: Checkout serializer created.
2022-04-02 11:11:36.714433: Valid serializer.
2022-04-02 11:11:36.715069: Subscription created.
2022-04-02 11:11:37.619237: Stripe object created for username.
2022-04-02 11:12:03.051121: Checkout request username.
2022-04-02 11:12:03.051848: User username does not have a subscription already.
2022-04-02 11:12:03.052306: Checkout data <QueryDict: {'duration': ['30'], 'currency': ['PLN'], 'city': ['Krakow'], 'postal_code': ['31-572'], 'first_name': ['Dominik'], 'last_name': ['Matracki'], 'address': ['Dabska 18g']}>
2022-04-02 11:12:03.052364: Got checkout data {'duration': '30', 'currency': 'PLN', 'city': 'Krakow', 'postal_code': '31-572', 'first_name': 'Dominik', 'last_name': 'Matracki', 'address': 'Dabska 18g'}
2022-04-02 11:12:03.052873: Checkout serializer created.
2022-04-02 11:12:03.053247: Valid serializer.
2022-04-02 11:12:03.053886: Subscription created.
2022-04-02 11:12:04.095830: Stripe object created for username.
2022-04-02 11:19:59.003995: Checkout request username.
2022-04-02 11:19:59.004726: User username does not have a subscription already.
2022-04-02 11:19:59.005169: Checkout data <QueryDict: {'duration': ['30'], 'currency': ['PLN'], 'city': ['Krakow'], 'postal_code': ['31-572'], 'first_name': ['Dominik'], 'last_name': ['Matracki'], 'address': ['Dabska 18g']}>
2022-04-02 11:19:59.005223: Got checkout data {'duration': '30', 'currency': 'PLN', 'city': 'Krakow', 'postal_code': '31-572', 'first_name': 'Dominik', 'last_name': 'Matracki', 'address': 'Dabska 18g'}
2022-04-02 11:19:59.005724: Checkout serializer created.
2022-04-02 11:19:59.006295: Valid serializer.
2022-04-02 11:19:59.006947: Subscription created.
2022-04-02 11:20:00.039834: Stripe object created for username.
2022-04-02 11:23:17.441492: Checkout request username.
2022-04-02 11:23:17.442215: User username does not have a subscription already.
2022-04-02 11:23:17.442667: Checkout data <QueryDict: {'duration': ['30'], 'currency': ['PLN'], 'city': ['Krakow'], 'postal_code': ['31-572'], 'first_name': ['Dominik'], 'last_name': ['Matracki'], 'address': ['Dabska 18g']}>
2022-04-02 11:23:17.442723: Got checkout data {'duration': '30', 'currency': 'PLN', 'city': 'Krakow', 'postal_code': '31-572', 'first_name': 'Dominik', 'last_name': 'Matracki', 'address': 'Dabska 18g'}
2022-04-02 11:23:17.443232: Checkout serializer created.
2022-04-02 11:23:17.443602: Valid serializer.
2022-04-02 11:23:17.444265: Subscription created.
2022-04-02 11:23:18.330071: Stripe object created for username.
2022-04-02 11:24:40.058580: Checkout request username.
2022-04-02 11:24:40.059310: User username does not have a subscription already.
2022-04-02 11:24:40.059771: Checkout data <QueryDict: {'duration': ['30'], 'currency': ['PLN'], 'city': ['Krakow'], 'postal_code': ['31-572'], 'first_name': ['Dominik'], 'last_name': ['Matracki'], 'address': ['Dabska 18g']}>
2022-04-02 11:24:40.059826: Got checkout data {'duration': '30', 'currency': 'PLN', 'city': 'Krakow', 'postal_code': '31-572', 'first_name': 'Dominik', 'last_name': 'Matracki', 'address': 'Dabska 18g'}
2022-04-02 11:24:40.060333: Checkout serializer created.
2022-04-02 11:24:40.060703: Valid serializer.
2022-04-02 11:24:40.061354: Subscription created.
2022-04-02 11:24:40.900988: Stripe object created for username.
2022-04-02 11:24:53.083915: Checkout request username.
2022-04-02 11:24:53.084561: User username does not have a subscription already.
2022-04-02 11:24:53.085011: Checkout data <QueryDict: {'duration': ['30'], 'currency': ['PLN'], 'city': ['Krakow'], 'postal_code': ['31-572'], 'first_name': ['Dominik'], 'last_name': ['Matracki'], 'address': ['Dabska 18g']}>
2022-04-02 11:24:53.085068: Got checkout data {'duration': '30', 'currency': 'PLN', 'city': 'Krakow', 'postal_code': '31-572', 'first_name': 'Dominik', 'last_name': 'Matracki', 'address': 'Dabska 18g'}
2022-04-02 11:24:53.085584: Checkout serializer created.
2022-04-02 11:24:53.085977: Valid serializer.
2022-04-02 11:24:53.086624: Subscription created.
2022-04-02 11:24:53.932718: Stripe object created for username.
2022-04-02 11:25:28.941867: Checkout request username.
2022-04-02 11:25:28.942637: User username does not have a subscription already.
2022-04-02 11:25:28.943115: Checkout data <QueryDict: {'duration': ['30'], 'currency': ['PLN'], 'city': ['Krakow'], 'postal_code': ['31-572'], 'first_name': ['Dominik'], 'last_name': ['Matracki'], 'address': ['Dabska 18g']}>
2022-04-02 11:25:28.943178: Got checkout data {'duration': '30', 'currency': 'PLN', 'city': 'Krakow', 'postal_code': '31-572', 'first_name': 'Dominik', 'last_name': 'Matracki', 'address': 'Dabska 18g'}
2022-04-02 11:25:28.943691: Checkout serializer created.
2022-04-02 11:25:28.944121: Valid serializer.
2022-04-02 11:25:28.944792: Subscription created.
2022-04-02 11:25:29.672627: Stripe object created for username.
2022-04-02 11:33:37.043778: Checkout request username.
2022-04-02 11:33:37.044597: User username does not have a subscription already.
2022-04-02 11:33:37.045050: Checkout data <QueryDict: {'duration': ['30'], 'currency': ['PLN'], 'city': ['Krakow'], 'postal_code': ['31-572'], 'first_name': ['Dominik'], 'last_name': ['Matracki'], 'address': ['Dabska 18g']}>
2022-04-02 11:33:37.045115: Got checkout data {'duration': '30', 'currency': 'PLN', 'city': 'Krakow', 'postal_code': '31-572', 'first_name': 'Dominik', 'last_name': 'Matracki', 'address': 'Dabska 18g'}
2022-04-02 11:33:37.045640: Checkout serializer created.
2022-04-02 11:33:37.046031: Valid serializer.
2022-04-02 11:33:37.046708: Subscription created.
2022-04-02 11:33:38.019932: Stripe object created for username.
2022-04-02 11:34:13.650540: Checkout request username.
2022-04-02 11:34:13.651204: User username does not have a subscription already.
2022-04-02 11:34:13.651662: Checkout data <QueryDict: {'duration': ['30'], 'currency': ['PLN'], 'city': ['Krakow'], 'postal_code': ['31-572'], 'first_name': ['Dominik'], 'last_name': ['Matracki'], 'address': ['Dabska 18g']}>
2022-04-02 11:34:13.651734: Got checkout data {'duration': '30', 'currency': 'PLN', 'city': 'Krakow', 'postal_code': '31-572', 'first_name': 'Dominik', 'last_name': 'Matracki', 'address': 'Dabska 18g'}
2022-04-02 11:34:13.652256: Checkout serializer created.
2022-04-02 11:34:13.652634: Valid serializer.
2022-04-02 11:34:13.653306: Subscription created.
2022-04-02 11:34:14.482671: Stripe object created for username.
2022-04-02 11:40:28.450552: Checkout request username.
2022-04-02 11:40:28.451280: User username does not have a subscription already.
2022-04-02 11:40:28.451735: Checkout data <QueryDict: {'duration': ['30'], 'currency': ['PLN'], 'city': ['Krakow'], 'postal_code': ['31-572'], 'first_name': ['Dominik'], 'last_name': ['Matracki'], 'address': ['Dabska 18g']}>
2022-04-02 11:40:28.451792: Got checkout data {'duration': '30', 'currency': 'PLN', 'city': 'Krakow', 'postal_code': '31-572', 'first_name': 'Dominik', 'last_name': 'Matracki', 'address': 'Dabska 18g'}
2022-04-02 11:40:28.452299: Checkout serializer created.
2022-04-02 11:40:28.452675: Valid serializer.
2022-04-02 11:40:28.453327: Subscription created.
2022-04-02 11:40:29.395813: Stripe object created for username.
2022-04-02 11:41:05.814713: Checkout request username.
2022-04-02 11:41:05.815570: User username does not have a subscription already.
2022-04-02 11:41:05.816034: Checkout data <QueryDict: {'duration': ['30'], 'currency': ['PLN'], 'city': ['Krakow'], 'postal_code': ['31-572'], 'first_name': ['Dominik'], 'last_name': ['Matracki'], 'address': ['Dabska 18g']}>
2022-04-02 11:41:05.816093: Got checkout data {'duration': '30', 'currency': 'PLN', 'city': 'Krakow', 'postal_code': '31-572', 'first_name': 'Dominik', 'last_name': 'Matracki', 'address': 'Dabska 18g'}
2022-04-02 11:41:05.816618: Checkout serializer created.
2022-04-02 11:41:05.817016: Valid serializer.
2022-04-02 11:41:05.817680: Subscription created.
2022-04-02 11:41:06.646197: Stripe object created for username.
2022-04-02 11:44:15.250345: Checkout request username.
2022-04-02 11:44:15.251168: User username does not have a subscription already.
2022-04-02 11:44:15.251632: Checkout data <QueryDict: {'duration': ['30'], 'currency': ['PLN'], 'city': ['Krakow'], 'postal_code': ['31-572'], 'first_name': ['Dominik'], 'last_name': ['Matracki'], 'address': ['Dabska 18g']}>
2022-04-02 11:44:15.251691: Got checkout data {'duration': '30', 'currency': 'PLN', 'city': 'Krakow', 'postal_code': '31-572', 'first_name': 'Dominik', 'last_name': 'Matracki', 'address': 'Dabska 18g'}
2022-04-02 11:44:15.252225: Checkout serializer created.
2022-04-02 11:44:15.252648: Valid serializer.
2022-04-02 11:44:15.253356: Subscription created.
2022-04-02 11:44:16.189243: Stripe object created for username.
2022-04-02 11:45:01.261280: Checkout request username.
2022-04-02 11:45:01.261876: User username does not have a subscription already.
2022-04-02 11:45:01.262334: Checkout data <QueryDict: {'duration': ['30'], 'currency': ['PLN'], 'city': ['Krakow'], 'postal_code': ['31-572'], 'first_name': ['Dominik'], 'last_name': ['Matracki'], 'address': ['Dabska 18g']}>
2022-04-02 11:45:01.262392: Got checkout data {'duration': '30', 'currency': 'PLN', 'city': 'Krakow', 'postal_code': '31-572', 'first_name': 'Dominik', 'last_name': 'Matracki', 'address': 'Dabska 18g'}
2022-04-02 11:45:01.262895: Checkout serializer created.
2022-04-02 11:45:01.263275: Valid serializer.
2022-04-02 11:45:01.263922: Subscription created.
2022-04-02 11:45:02.172647: Stripe object created for username.
2022-04-02 11:47:12.621953: Checkout request username.
2022-04-02 11:47:12.622694: User username does not have a subscription already.
2022-04-02 11:47:12.623160: Checkout data <QueryDict: {'duration': ['30'], 'currency': ['PLN'], 'city': ['Krakow'], 'postal_code': ['31-572'], 'first_name': ['Dominik'], 'last_name': ['Matracki'], 'address': ['Dabska 18g']}>
2022-04-02 11:47:12.623360: Got checkout data {'duration': '30', 'currency': 'PLN', 'city': 'Krakow', 'postal_code': '31-572', 'first_name': 'Dominik', 'last_name': 'Matracki', 'address': 'Dabska 18g'}
2022-04-02 11:47:12.623879: Checkout serializer created.
2022-04-02 11:47:12.624262: Valid serializer.
2022-04-02 11:47:12.624966: Subscription created.
2022-04-02 11:47:13.658286: Stripe object created for username.
